0 info it worked if it ends with ok
1 verbose cli [ '/Users/pphan/.nvm/versions/node/v6.9.4/bin/node',
1 verbose cli   '/Users/pphan/.nvm/versions/node/v6.9.4/bin/npm',
1 verbose cli   'run',
1 verbose cli   'watch' ]
2 info using npm@3.10.10
3 info using node@v6.9.4
4 verbose run-script [ 'prewatch', 'watch', 'postwatch' ]
5 info lifecycle homework-tracker-api@1.0.0~prewatch: homework-tracker-api@1.0.0
6 silly lifecycle homework-tracker-api@1.0.0~prewatch: no script for prewatch, continuing
7 info lifecycle homework-tracker-api@1.0.0~watch: homework-tracker-api@1.0.0
8 verbose lifecycle homework-tracker-api@1.0.0~watch: unsafe-perm in lifecycle true
9 verbose lifecycle homework-tracker-api@1.0.0~watch: PATH: /Users/pphan/.nvm/versions/node/v6.9.4/lib/node_modules/npm/bin/node-gyp-bin:/Users/pphan/Documents/project/homework-tracker/homework-tracker-api/node_modules/.bin:/Users/pphan/.yarn/bin:/Users/pphan/.config/yarn/global/node_modules/.bin:/Users/pphan/.nvm/versions/node/v6.9.4/bin:/usr/local/bin:/usr/bin:/bin:/usr/sbin:/sbin:/Users/pphan/Library/Android/sdk/tools:/Users/pphan/Library/Android/sdk/platform-tools
10 verbose lifecycle homework-tracker-api@1.0.0~watch: CWD: /Users/pphan/Documents/project/homework-tracker/homework-tracker-api
11 silly lifecycle homework-tracker-api@1.0.0~watch: Args: [ '-c', 'gulp' ]
12 silly lifecycle homework-tracker-api@1.0.0~watch: Returned: code: 1  signal: null
13 info lifecycle homework-tracker-api@1.0.0~watch: Failed to exec watch script
14 verbose stack Error: homework-tracker-api@1.0.0 watch: `gulp`
14 verbose stack Exit status 1
14 verbose stack     at EventEmitter.<anonymous> (/Users/pphan/.nvm/versions/node/v6.9.4/lib/node_modules/npm/lib/utils/lifecycle.js:255:16)
14 verbose stack     at emitTwo (events.js:106:13)
14 verbose stack     at EventEmitter.emit (events.js:191:7)
14 verbose stack     at ChildProcess.<anonymous> (/Users/pphan/.nvm/versions/node/v6.9.4/lib/node_modules/npm/lib/utils/spawn.js:40:14)
14 verbose stack     at emitTwo (events.js:106:13)
14 verbose stack     at ChildProcess.emit (events.js:191:7)
14 verbose stack     at maybeClose (internal/child_process.js:877:16)
14 verbose stack     at Process.ChildProcess._handle.onexit (internal/child_process.js:226:5)
15 verbose pkgid homework-tracker-api@1.0.0
16 verbose cwd /Users/pphan/Documents/project/homework-tracker/homework-tracker-api
17 error Darwin 17.3.0
18 error argv "/Users/pphan/.nvm/versions/node/v6.9.4/bin/node" "/Users/pphan/.nvm/versions/node/v6.9.4/bin/npm" "run" "watch"
19 error node v6.9.4
20 error npm  v3.10.10
21 error code ELIFECYCLE
22 error homework-tracker-api@1.0.0 watch: `gulp`
22 error Exit status 1
23 error Failed at the homework-tracker-api@1.0.0 watch script 'gulp'.
23 error Make sure you have the latest version of node.js and npm installed.
23 error If you do, this is most likely a problem with the homework-tracker-api package,
23 error not with npm itself.
23 error Tell the author that this fails on your system:
23 error     gulp
23 error You can get information on how to open an issue for this project with:
23 error     npm bugs homework-tracker-api
23 error Or if that isn't available, you can get their info via:
23 error     npm owner ls homework-tracker-api
23 error There is likely additional logging output above.
24 verbose exit [ 1, true ]
